Compiling the C compiler identification source file "CMakeCCompilerId.c" failed.
Compiler: C:/ToolChains/arm-gcc/bin/arm-none-eabi-gcc.exe 
Build flags: 
Id flags:  

The output was:
1
c:/toolchains/arm-gcc/bin/../lib/gcc/arm-none-eabi/9.2.1/../../../../arm-none-eabi/bin/ld.exe: c:/toolchains/arm-gcc/bin/../lib/gcc/arm-none-eabi/9.2.1/../../../../arm-none-eabi/lib\libc.a(lib_a-exit.o): in function `exit':
exit.c:(.text.exit+0x2c): undefined reference to `_exit'
collect2.exe: error: ld returned 1 exit status


Compiling the CXX compiler identification source file "CMakeCXXCompilerId.cpp" failed.
Compiler: C:/ToolChains/arm-gcc/bin/arm-none-eabi-g++.exe 
Build flags: 
Id flags:  

The output was:
1
c:/toolchains/arm-gcc/bin/../lib/gcc/arm-none-eabi/9.2.1/../../../../arm-none-eabi/bin/ld.exe: c:/toolchains/arm-gcc/bin/../lib/gcc/arm-none-eabi/9.2.1/../../../../arm-none-eabi/lib\libc.a(lib_a-exit.o): in function `exit':
exit.c:(.text.exit+0x2c): undefined reference to `_exit'
collect2.exe: error: ld returned 1 exit status


Determining if the C compiler works failed with the following output:
Change Dir: C:/Users/Lenor/Desktop/DocBin/!Program/C/LenorsUI/cmake-build-debug/CMakeFiles/CMakeTmp

Run Build Command(s):C:/ToolChains/mingw64/bin/mingw32-make.exe cmTC_c9b1d/fast && C:/ToolChains/mingw64/bin/mingw32-make.exe -f CMakeFiles\cmTC_c9b1d.dir\build.make CMakeFiles/cmTC_c9b1d.dir/build
mingw32-make.exe[1]: Entering directory 'C:/Users/Lenor/Desktop/DocBin/!Program/C/LenorsUI/cmake-build-debug/CMakeFiles/CMakeTmp'
Building C object CMakeFiles/cmTC_c9b1d.dir/testCCompiler.c.obj
C:\ToolChains\arm-gcc\bin\arm-none-eabi-gcc.exe    -o CMakeFiles\cmTC_c9b1d.dir\testCCompiler.c.obj   -c C:\Users\Lenor\Desktop\DocBin\!Program\C\LenorsUI\cmake-build-debug\CMakeFiles\CMakeTmp\testCCompiler.c
Linking C executable cmTC_c9b1d.exe
"C:\Program Files\JetBrains\CLion 2020.1\bin\cmake\win\bin\cmake.exe" -E cmake_link_script CMakeFiles\cmTC_c9b1d.dir\link.txt --verbose=1
"C:\Program Files\JetBrains\CLion 2020.1\bin\cmake\win\bin\cmake.exe" -E remove -f CMakeFiles\cmTC_c9b1d.dir/objects.a
C:\ToolChains\mingw64\bin\ar.exe cr CMakeFiles\cmTC_c9b1d.dir/objects.a @CMakeFiles\cmTC_c9b1d.dir\objects1.rsp
C:\ToolChains\arm-gcc\bin\arm-none-eabi-gcc.exe      -Wl,--whole-archive CMakeFiles\cmTC_c9b1d.dir/objects.a -Wl,--no-whole-archive  -o cmTC_c9b1d.exe -Wl,--out-implib,libcmTC_c9b1d.dll.a -Wl,--major-image-version,0,--minor-image-version,0 
c:/toolchains/arm-gcc/bin/../lib/gcc/arm-none-eabi/9.2.1/../../../../arm-none-eabi/bin/ld.exe: unrecognized option '--major-image-version'
c:/toolchains/arm-gcc/bin/../lib/gcc/arm-none-eabi/9.2.1/../../../../arm-none-eabi/bin/ld.exe: use the --help option for usage information
collect2.exe: error: ld returned 1 exit status
mingw32-make.exe[1]: *** [CMakeFiles\cmTC_c9b1d.dir\build.make:87: cmTC_c9b1d.exe] Error 1
mingw32-make.exe[1]: Leaving directory 'C:/Users/Lenor/Desktop/DocBin/!Program/C/LenorsUI/cmake-build-debug/CMakeFiles/CMakeTmp'
mingw32-make.exe: *** [Makefile:120: cmTC_c9b1d/fast] Error 2



